6 ??????????MD5????
8 ?????????(?????)
9 ????1rag1???????? (Recommended)
13 ??????Ragexe???? (Recommended)
15 ??????????? (Recommended)
19 ?????????
20 ????????(??234)
21 ?????????(??234)
22 ????????(??234)
24 Fix Camera Angles (Recommended)
28 ??????ID???
32 ???????? - ???(????)
35 ????Data???
36 ?? msgstringtable.txt (Recommended)
37 ?? questid2display.txt (Recommended)
38 ????????????? (Recommended)
39 ???????????LOGO (Recommended)
40 ????????????? (Recommended)
41 ???????Nagle?? (Recommended)
44 ?????????? (Recommended)
47 ????????
48 Use Plain Text Descriptions (Recommended)
49 ???GRF???? (Recommended)
51 ?????????????
53 ?ASCII????????(??) (Recommended)
64 ??????????@?? (Recommended)
67 ??????
68 ???????(64K)
69 ??NPC?????????(4096)
71 ??????
72 ?????????
73 ???????? (Recommended)
84 ????????????? (Recommended)
86 ????????????
90 ??DNS?????? (Recommended)
97 ??????????????????? (Recommended)
204 ???????????
205 ?????????(???)
213 ???????????? (Recommended)
